<?xml version="1.0" encoding="utf-8"?>
<test-run id="2" name="data-0x7fb6be487200" fullname="/Users/larkov/Projects/src/github.com/ditrace/csharp/data-0x7fb6be487200" testcasecount="65" result="Passed" start-time="2016-03-15 11:14:46Z" end-time="2016-03-15 11:14:48Z" duration="2.173966" total="59" passed="59" failed="0" inconclusive="0" skipped="0" asserts="214" random-seed="722124037">
  <command-line><![CDATA[/Users/larkov/.dnx/runtimes/dnx-mono.1.0.0-rc2-16595/bin/Microsoft.Dnx.Host.Mono.dll test "--where=cat != Functional"]]></command-line>
  <filter>
    <not>
      <cat>Functional</cat>
    </not>
  </filter>
  <test-suite type="Assembly" id="1081" name="data-0x7fb6be487200" fullname="/Users/larkov/Projects/src/github.com/ditrace/csharp/data-0x7fb6be487200" runstate="Runnable" testcasecount="65" result="Passed" start-time="2016-03-15 11:14:46Z" end-time="2016-03-15 11:14:48Z" duration="2.173966" total="59" passed="59" failed="0" inconclusive="0" skipped="0" asserts="214">
    <environment framework-version="3.2.0.0" clr-version="4.0.30319.17020" os-version="Unix 15.2.0.0" platform="Unix" cwd="/Users/larkov/Projects/src/github.com/ditrace/csharp/Kontur.Tracing.Tests" machine-name="ra-larkov-mbp.kontur" user="larkov" user-domain="ra-larkov-mbp.kontur" culture="ru-RU" uiculture="ru-RU" os-architecture="x64" />
    <settings>
      <setting name="WorkDirectory" value="/Users/larkov/Projects/src/github.com/ditrace/csharp/Kontur.Tracing.Tests" />
      <setting name="NumberOfTestWorkers" value="4" />
    </settings>
    <properties>
      <property name="_PID" value="10976" />
      <property name="_APPDOMAIN" value="Microsoft.Dnx.Host.Mono.dll" />
    </properties>
    <test-suite type="TestSuite" id="1082" name="Kontur" fullname="Kontur" runstate="Runnable" testcasecount="65" result="Passed" start-time="2016-03-15 11:14:46Z" end-time="2016-03-15 11:14:48Z" duration="2.168086" total="59" passed="59" failed="0" inconclusive="0" skipped="0" asserts="214">
      <properties />
      <test-suite type="TestSuite" id="1083" name="Tracing" fullname="Kontur.Tracing" runstate="Runnable" testcasecount="65" result="Passed" start-time="2016-03-15 11:14:46Z" end-time="2016-03-15 11:14:48Z" duration="2.167839" total="59" passed="59" failed="0" inconclusive="0" skipped="0" asserts="214">
        <properties />
        <test-suite type="TestFixture" id="1000" name="AnnotationNameMapper_Tests" fullname="Kontur.Tracing.AnnotationNameMapper_Tests" classname="Kontur.Tracing.AnnotationNameMapper_Tests" runstate="Runnable" testcasecount="2" result="Passed" start-time="2016-03-15 11:14:46Z" end-time="2016-03-15 11:14:46Z" duration="0.016058" total="2" passed="2" failed="0" inconclusive="0" skipped="0" asserts="0">
          <properties />
          <test-case id="1001" name="Should_cover_all_annotations" fullname="Kontur.Tracing.AnnotationNameMapper_Tests.Should_cover_all_annotations" methodname="Should_cover_all_annotations" classname="Kontur.Tracing.AnnotationNameMapper_Tests" runstate="Runnable" seed="798259755" result="Passed" start-time="2016-03-15 11:14:46Z" end-time="2016-03-15 11:14:46Z" duration="0.009472" asserts="0">
            <properties />
          </test-case>
          <test-case id="1002" name="Should_cover_all_timepoints" fullname="Kontur.Tracing.AnnotationNameMapper_Tests.Should_cover_all_timepoints" methodname="Should_cover_all_timepoints" classname="Kontur.Tracing.AnnotationNameMapper_Tests" runstate="Runnable" seed="1630670862" result="Passed" start-time="2016-03-15 11:14:46Z" end-time="2016-03-15 11:14:46Z" duration="0.001591" asserts="0">
            <properties />
          </test-case>
        </test-suite>
        <test-suite type="TestSuite" id="1084" name="Core" fullname="Kontur.Tracing.Core" runstate="Runnable" testcasecount="44" result="Passed" start-time="2016-03-15 11:14:46Z" end-time="2016-03-15 11:14:46Z" duration="0.833536" total="38" passed="38" failed="0" inconclusive="0" skipped="0" asserts="158">
          <properties />
          <test-suite type="TestSuite" id="1087" name="IntegrationTests" fullname="Kontur.Tracing.Core.IntegrationTests" runstate="Runnable" testcasecount="6" result="Passed" start-time="2016-03-15 11:14:46Z" end-time="2016-03-15 11:14:46Z" duration="0.000530" total="0" passed="0" failed="0" inconclusive="0" skipped="0" asserts="0">
            <properties />
          </test-suite>
          <test-suite type="TestSuite" id="1086" name="LocalTests" fullname="Kontur.Tracing.Core.LocalTests" runstate="Runnable" testcasecount="6" result="Passed" start-time="2016-03-15 11:14:46Z" end-time="2016-03-15 11:14:46Z" duration="0.769649" total="6" passed="6" failed="0" inconclusive="0" skipped="0" asserts="146">
            <properties />
            <test-suite type="TestFixture" id="1067" name="Trace_LocalTests" fullname="Kontur.Tracing.Core.LocalTests.Trace_LocalTests" classname="Kontur.Tracing.Core.LocalTests.Trace_LocalTests" runstate="Runnable" testcasecount="6" result="Passed" start-time="2016-03-15 11:14:46Z" end-time="2016-03-15 11:14:46Z" duration="0.753184" total="6" passed="6" failed="0" inconclusive="0" skipped="0" asserts="146">
              <properties />
              <test-case id="1073" name="Test_AsyncTaskOnServer" fullname="Kontur.Tracing.Core.LocalTests.Trace_LocalTests.Test_AsyncTaskOnServer" methodname="Test_AsyncTaskOnServer" classname="Kontur.Tracing.Core.LocalTests.Trace_LocalTests" runstate="Runnable" seed="441188566" result="Passed" start-time="2016-03-15 11:14:46Z" end-time="2016-03-15 11:14:46Z" duration="0.739111" asserts="50">
                <properties>
                  <property name="Timeout" value="5000" />
                </properties>
                <output><![CDATA[fbeb86379f1f47b99398cc4bc98768cb
Task message
]]></output>
              </test-case>
              <test-case id="1072" name="Test_ClientServerCase" fullname="Kontur.Tracing.Core.LocalTests.Trace_LocalTests.Test_ClientServerCase" methodname="Test_ClientServerCase" classname="Kontur.Tracing.Core.LocalTests.Trace_LocalTests" runstate="Runnable" seed="1838270399" result="Passed" start-time="2016-03-15 11:14:46Z" end-time="2016-03-15 11:14:46Z" duration="0.006290" asserts="15">
                <properties />
              </test-case>
              <test-case id="1069" name="Test_RootChildContext" fullname="Kontur.Tracing.Core.LocalTests.Trace_LocalTests.Test_RootChildContext" methodname="Test_RootChildContext" classname="Kontur.Tracing.Core.LocalTests.Trace_LocalTests" runstate="Runnable" seed="573163740" result="Passed" start-time="2016-03-15 11:14:46Z" end-time="2016-03-15 11:14:46Z" duration="0.001054" asserts="15">
                <properties />
              </test-case>
              <test-case id="1070" name="Test_RootChildContinueContext" fullname="Kontur.Tracing.Core.LocalTests.Trace_LocalTests.Test_RootChildContinueContext" methodname="Test_RootChildContinueContext" classname="Kontur.Tracing.Core.LocalTests.Trace_LocalTests" runstate="Runnable" seed="1481388270" result="Passed" start-time="2016-03-15 11:14:46Z" end-time="2016-03-15 11:14:46Z" duration="0.001214" asserts="22">
                <properties />
              </test-case>
              <test-case id="1071" name="Test_RootChildContinueFinish" fullname="Kontur.Tracing.Core.LocalTests.Trace_LocalTests.Test_RootChildContinueFinish" methodname="Test_RootChildContinueFinish" classname="Kontur.Tracing.Core.LocalTests.Trace_LocalTests" runstate="Runnable" seed="417400128" result="Passed" start-time="2016-03-15 11:14:46Z" end-time="2016-03-15 11:14:46Z" duration="0.001929" asserts="36">
                <properties />
              </test-case>
              <test-case id="1068" name="Test_RootContext" fullname="Kontur.Tracing.Core.LocalTests.Trace_LocalTests.Test_RootContext" methodname="Test_RootContext" classname="Kontur.Tracing.Core.LocalTests.Trace_LocalTests" runstate="Runnable" seed="2125846932" result="Passed" start-time="2016-03-15 11:14:46Z" end-time="2016-03-15 11:14:46Z" duration="0.000716" asserts="8">
                <properties />
              </test-case>
            </test-suite>
          </test-suite>
          <test-suite type="TestSuite" id="1085" name="UnitTests" fullname="Kontur.Tracing.Core.UnitTests" runstate="Runnable" testcasecount="32" result="Passed" start-time="2016-03-15 11:14:46Z" end-time="2016-03-15 11:14:46Z" duration="0.830847" total="32" passed="32" failed="0" inconclusive="0" skipped="0" asserts="12">
            <properties />
            <test-suite type="TestFixture" id="1032" name="Trace_UnitTests" fullname="Kontur.Tracing.Core.UnitTests.Trace_UnitTests" classname="Kontur.Tracing.Core.UnitTests.Trace_UnitTests" runstate="Runnable" testcasecount="28" result="Passed" start-time="2016-03-15 11:14:46Z" end-time="2016-03-15 11:14:46Z" duration="0.048511" total="28" passed="28" failed="0" inconclusive="0" skipped="0" asserts="12">
              <properties />
              <test-case id="1051" name="ContinueContext_should_set_null_traceid_and_contextid_when_not_active" fullname="Kontur.Tracing.Core.UnitTests.Trace_UnitTests.ContinueContext_should_set_null_traceid_and_contextid_when_not_active" methodname="ContinueContext_should_set_null_traceid_and_contextid_when_not_active" classname="Kontur.Tracing.Core.UnitTests.Trace_UnitTests" runstate="Runnable" seed="1045312845" result="Passed" start-time="2016-03-15 11:14:46Z" end-time="2016-03-15 11:14:46Z" duration="0.007796" asserts="0">
                <properties />
              </test-case>
              <test-suite type="ParameterizedMethod" id="1054" name="ContinueContext_should_throw_exception_if_context_is_set_already" fullname="Kontur.Tracing.Core.UnitTests.Trace_UnitTests.ContinueContext_should_throw_exception_if_context_is_set_already" runstate="Runnable" testcasecount="2" result="Passed" start-time="2016-03-15 11:14:46Z" end-time="2016-03-15 11:14:46Z" duration="0.002908" total="2" passed="2" failed="0" inconclusive="0" skipped="0" asserts="2">
                <properties />
                <test-case id="1052" name="ContinueContext_should_throw_exception_if_context_is_set_already(True)" fullname="Kontur.Tracing.Core.UnitTests.Trace_UnitTests.ContinueContext_should_throw_exception_if_context_is_set_already(True)" methodname="ContinueContext_should_throw_exception_if_context_is_set_already" classname="Kontur.Tracing.Core.UnitTests.Trace_UnitTests" runstate="Runnable" seed="542683330" result="Passed" start-time="2016-03-15 11:14:46Z" end-time="2016-03-15 11:14:46Z" duration="0.001832" asserts="1">
                  <properties />
                </test-case>
                <test-case id="1053" name="ContinueContext_should_throw_exception_if_context_is_set_already(False)" fullname="Kontur.Tracing.Core.UnitTests.Trace_UnitTests.ContinueContext_should_throw_exception_if_context_is_set_already(False)" methodname="ContinueContext_should_throw_exception_if_context_is_set_already" classname="Kontur.Tracing.Core.UnitTests.Trace_UnitTests" runstate="Runnable" seed="323558644" result="Passed" start-time="2016-03-15 11:14:46Z" end-time="2016-03-15 11:14:46Z" duration="0.000246" asserts="1">
                  <properties />
                </test-case>
              </test-suite>
              <test-suite type="ParameterizedMethod" id="1058" name="ContinueContext_should_throw_exception_if_trace_id_or_context_id_is_null" fullname="Kontur.Tracing.Core.UnitTests.Trace_UnitTests.ContinueContext_should_throw_exception_if_trace_id_or_context_id_is_null" runstate="Runnable" testcasecount="3" result="Passed" start-time="2016-03-15 11:14:46Z" end-time="2016-03-15 11:14:46Z" duration="0.005265" total="3" passed="3" failed="0" inconclusive="0" skipped="0" asserts="3">
                <properties />
                <test-case id="1055" name="ContinueContext_should_throw_exception_if_trace_id_or_context_id_is_null(null,&quot;ContextId&quot;)" fullname="Kontur.Tracing.Core.UnitTests.Trace_UnitTests.ContinueContext_should_throw_exception_if_trace_id_or_context_id_is_null(null,&quot;ContextId&quot;)" methodname="ContinueContext_should_throw_exception_if_trace_id_or_context_id_is_null" classname="Kontur.Tracing.Core.UnitTests.Trace_UnitTests" runstate="Runnable" seed="1910041187" result="Passed" start-time="2016-03-15 11:14:46Z" end-time="2016-03-15 11:14:46Z" duration="0.003761" asserts="1">
                  <properties />
                </test-case>
                <test-case id="1056" name="ContinueContext_should_throw_exception_if_trace_id_or_context_id_is_null(&quot;TraceId&quot;,null)" fullname="Kontur.Tracing.Core.UnitTests.Trace_UnitTests.ContinueContext_should_throw_exception_if_trace_id_or_context_id_is_null(&quot;TraceId&quot;,null)" methodname="ContinueContext_should_throw_exception_if_trace_id_or_context_id_is_null" classname="Kontur.Tracing.Core.UnitTests.Trace_UnitTests" runstate="Runnable" seed="778681024" result="Passed" start-time="2016-03-15 11:14:46Z" end-time="2016-03-15 11:14:46Z" duration="0.000264" asserts="1">
                  <properties />
                </test-case>
                <test-case id="1057" name="ContinueContext_should_throw_exception_if_trace_id_or_context_id_is_null(null,null)" fullname="Kontur.Tracing.Core.UnitTests.Trace_UnitTests.ContinueContext_should_throw_exception_if_trace_id_or_context_id_is_null(null,null)" methodname="ContinueContext_should_throw_exception_if_trace_id_or_context_id_is_null" classname="Kontur.Tracing.Core.UnitTests.Trace_UnitTests" runstate="Runnable" seed="280022202" result="Passed" start-time="2016-03-15 11:14:46Z" end-time="2016-03-15 11:14:46Z" duration="0.000235" asserts="1">
                  <properties />
                </test-case>
              </test-suite>
              <test-case id="1050" name="ContinueContext_should_use_trace_and_context_id_from_parameter_when_active" fullname="Kontur.Tracing.Core.UnitTests.Trace_UnitTests.ContinueContext_should_use_trace_and_context_id_from_parameter_when_active" methodname="ContinueContext_should_use_trace_and_context_id_from_parameter_when_active" classname="Kontur.Tracing.Core.UnitTests.Trace_UnitTests" runstate="Runnable" seed="1342089395" result="Passed" start-time="2016-03-15 11:14:46Z" end-time="2016-03-15 11:14:46Z" duration="0.000566" asserts="0">
                <properties />
              </test-case>
              <test-suite type="ParameterizedMethod" id="1048" name="CreateChildContext_should_generate_context_id" fullname="Kontur.Tracing.Core.UnitTests.Trace_UnitTests.CreateChildContext_should_generate_context_id" runstate="Runnable" testcasecount="2" result="Passed" start-time="2016-03-15 11:14:46Z" end-time="2016-03-15 11:14:46Z" duration="0.012699" total="2" passed="2" failed="0" inconclusive="0" skipped="0" asserts="0">
                <properties />
                <test-case id="1046" name="CreateChildContext_should_generate_context_id(null)" fullname="Kontur.Tracing.Core.UnitTests.Trace_UnitTests.CreateChildContext_should_generate_context_id(null)" methodname="CreateChildContext_should_generate_context_id" classname="Kontur.Tracing.Core.UnitTests.Trace_UnitTests" runstate="Runnable" seed="122312007" result="Passed" start-time="2016-03-15 11:14:46Z" end-time="2016-03-15 11:14:46Z" duration="0.001140" asserts="0">
                  <properties />
                </test-case>
                <test-case id="1047" name="CreateChildContext_should_generate_context_id(&quot;&quot;)" fullname="Kontur.Tracing.Core.UnitTests.Trace_UnitTests.CreateChildContext_should_generate_context_id(&quot;&quot;)" methodname="CreateChildContext_should_generate_context_id" classname="Kontur.Tracing.Core.UnitTests.Trace_UnitTests" runstate="Runnable" seed="1026761568" result="Passed" start-time="2016-03-15 11:14:46Z" end-time="2016-03-15 11:14:46Z" duration="0.010730" asserts="0">
                  <properties />
                </test-case>
              </test-suite>
              <test-case id="1044" name="CreateChildContext_should_return_NoOp_instance_if_current_context_is_null" fullname="Kontur.Tracing.Core.UnitTests.Trace_UnitTests.CreateChildContext_should_return_NoOp_instance_if_current_context_is_null" methodname="CreateChildContext_should_return_NoOp_instance_if_current_context_is_null" classname="Kontur.Tracing.Core.UnitTests.Trace_UnitTests" runstate="Runnable" seed="1143024897" result="Passed" start-time="2016-03-15 11:14:46Z" end-time="2016-03-15 11:14:46Z" duration="0.000597" asserts="0">
                <properties />
              </test-case>
              <test-case id="1049" name="CreateChildContext_should_set_context_id" fullname="Kontur.Tracing.Core.UnitTests.Trace_UnitTests.CreateChildContext_should_set_context_id" methodname="CreateChildContext_should_set_context_id" classname="Kontur.Tracing.Core.UnitTests.Trace_UnitTests" runstate="Runnable" seed="1258373135" result="Passed" start-time="2016-03-15 11:14:46Z" end-time="2016-03-15 11:14:46Z" duration="0.000471" asserts="0">
                <properties />
              </test-case>
              <test-suite type="ParameterizedMethod" id="1043" name="CreateChildContext_should_throw_exception_if_context_name_is_null_or_empty" fullname="Kontur.Tracing.Core.UnitTests.Trace_UnitTests.CreateChildContext_should_throw_exception_if_context_name_is_null_or_empty" runstate="Runnable" testcasecount="2" result="Passed" start-time="2016-03-15 11:14:46Z" end-time="2016-03-15 11:14:46Z" duration="0.001553" total="2" passed="2" failed="0" inconclusive="0" skipped="0" asserts="2">
                <properties />
                <test-case id="1041" name="CreateChildContext_should_throw_exception_if_context_name_is_null_or_empty(null)" fullname="Kontur.Tracing.Core.UnitTests.Trace_UnitTests.CreateChildContext_should_throw_exception_if_context_name_is_null_or_empty(null)" methodname="CreateChildContext_should_throw_exception_if_context_name_is_null_or_empty" classname="Kontur.Tracing.Core.UnitTests.Trace_UnitTests" runstate="Runnable" seed="1912490567" result="Passed" start-time="2016-03-15 11:14:46Z" end-time="2016-03-15 11:14:46Z" duration="0.000623" asserts="1">
                  <properties />
                </test-case>
                <test-case id="1042" name="CreateChildContext_should_throw_exception_if_context_name_is_null_or_empty(&quot;&quot;)" fullname="Kontur.Tracing.Core.UnitTests.Trace_UnitTests.CreateChildContext_should_throw_exception_if_context_name_is_null_or_empty(&quot;&quot;)" methodname="CreateChildContext_should_throw_exception_if_context_name_is_null_or_empty" classname="Kontur.Tracing.Core.UnitTests.Trace_UnitTests" runstate="Runnable" seed="451452096" result="Passed" start-time="2016-03-15 11:14:46Z" end-time="2016-03-15 11:14:46Z" duration="0.000268" asserts="1">
                  <properties />
                </test-case>
              </test-suite>
              <test-case id="1045" name="CreateChildContext_should_update_context_and_pop_after_dispose" fullname="Kontur.Tracing.Core.UnitTests.Trace_UnitTests.CreateChildContext_should_update_context_and_pop_after_dispose" methodname="CreateChildContext_should_update_context_and_pop_after_dispose" classname="Kontur.Tracing.Core.UnitTests.Trace_UnitTests" runstate="Runnable" seed="686697671" result="Passed" start-time="2016-03-15 11:14:46Z" end-time="2016-03-15 11:14:46Z" duration="0.000538" asserts="0">
                <properties />
              </test-case>
              <test-case id="1060" name="CreateChildContext_with_fixed_parent" fullname="Kontur.Tracing.Core.UnitTests.Trace_UnitTests.CreateChildContext_with_fixed_parent" methodname="CreateChildContext_with_fixed_parent" classname="Kontur.Tracing.Core.UnitTests.Trace_UnitTests" runstate="Runnable" seed="736873369" result="Passed" start-time="2016-03-15 11:14:46Z" end-time="2016-03-15 11:14:46Z" duration="0.001371" asserts="0">
                <properties />
              </test-case>
              <test-case id="1064" name="CreateContext_should_initialize_if_needed_with_disabled_config" fullname="Kontur.Tracing.Core.UnitTests.Trace_UnitTests.CreateContext_should_initialize_if_needed_with_disabled_config" methodname="CreateContext_should_initialize_if_needed_with_disabled_config" classname="Kontur.Tracing.Core.UnitTests.Trace_UnitTests" runstate="Runnable" seed="2135584091" result="Passed" start-time="2016-03-15 11:14:46Z" end-time="2016-03-15 11:14:46Z" duration="0.000411" asserts="0">
                <properties />
              </test-case>
              <test-case id="1066" name="CreateRootContext_should_be_empty_after_stop" fullname="Kontur.Tracing.Core.UnitTests.Trace_UnitTests.CreateRootContext_should_be_empty_after_stop" methodname="CreateRootContext_should_be_empty_after_stop" classname="Kontur.Tracing.Core.UnitTests.Trace_UnitTests" runstate="Runnable" seed="1850909204" result="Passed" start-time="2016-03-15 11:14:46Z" end-time="2016-03-15 11:14:46Z" duration="0.000352" asserts="0">
                <properties />
              </test-case>
              <test-case id="1034" name="CreateRootContext_should_generate_new_trace_id_and_context_id" fullname="Kontur.Tracing.Core.UnitTests.Trace_UnitTests.CreateRootContext_should_generate_new_trace_id_and_context_id" methodname="CreateRootContext_should_generate_new_trace_id_and_context_id" classname="Kontur.Tracing.Core.UnitTests.Trace_UnitTests" runstate="Runnable" seed="1687081151" result="Passed" start-time="2016-03-15 11:14:46Z" end-time="2016-03-15 11:14:46Z" duration="0.000457" asserts="0">
                <properties />
              </test-case>
              <test-case id="1035" name="CreateRootContext_should_return_NoOp_instance_when_current_context_is_not_sampled" fullname="Kontur.Tracing.Core.UnitTests.Trace_UnitTests.CreateRootContext_should_return_NoOp_instance_when_current_context_is_not_sampled" methodname="CreateRootContext_should_return_NoOp_instance_when_current_context_is_not_sampled" classname="Kontur.Tracing.Core.UnitTests.Trace_UnitTests" runstate="Runnable" seed="1693718546" result="Passed" start-time="2016-03-15 11:14:46Z" end-time="2016-03-15 11:14:46Z" duration="0.000390" asserts="0">
                <properties />
              </test-case>
              <test-case id="1036" name="CreateRootContext_should_return_real_context_when_current_context_is_sampled" fullname="Kontur.Tracing.Core.UnitTests.Trace_UnitTests.CreateRootContext_should_return_real_context_when_current_context_is_sampled" methodname="CreateRootContext_should_return_real_context_when_current_context_is_sampled" classname="Kontur.Tracing.Core.UnitTests.Trace_UnitTests" runstate="Runnable" seed="1471442810" result="Passed" start-time="2016-03-15 11:14:46Z" end-time="2016-03-15 11:14:46Z" duration="0.000398" asserts="0">
                <properties />
              </test-case>
              <test-case id="1040" name="CreateRootContext_should_throw_exception_if_context_is_set_already" fullname="Kontur.Tracing.Core.UnitTests.Trace_UnitTests.CreateRootContext_should_throw_exception_if_context_is_set_already" methodname="CreateRootContext_should_throw_exception_if_context_is_set_already" classname="Kontur.Tracing.Core.UnitTests.Trace_UnitTests" runstate="Runnable" seed="1219663533" result="Passed" start-time="2016-03-15 11:14:46Z" end-time="2016-03-15 11:14:46Z" duration="0.000774" asserts="1">
                <properties />
              </test-case>
              <test-suite type="ParameterizedMethod" id="1039" name="CreateRootContext_should_throw_exception_if_context_name_is_null_or_empty" fullname="Kontur.Tracing.Core.UnitTests.Trace_UnitTests.CreateRootContext_should_throw_exception_if_context_name_is_null_or_empty" runstate="Runnable" testcasecount="2" result="Passed" start-time="2016-03-15 11:14:46Z" end-time="2016-03-15 11:14:46Z" duration="0.002659" total="2" passed="2" failed="0" inconclusive="0" skipped="0" asserts="2">
                <properties />
                <test-case id="1037" name="CreateRootContext_should_throw_exception_if_context_name_is_null_or_empty(null)" fullname="Kontur.Tracing.Core.UnitTests.Trace_UnitTests.CreateRootContext_should_throw_exception_if_context_name_is_null_or_empty(null)" methodname="CreateRootContext_should_throw_exception_if_context_name_is_null_or_empty" classname="Kontur.Tracing.Core.UnitTests.Trace_UnitTests" runstate="Runnable" seed="637137152" result="Passed" start-time="2016-03-15 11:14:46Z" end-time="2016-03-15 11:14:46Z" duration="0.000579" asserts="1">
                  <properties />
                </test-case>
                <test-case id="1038" name="CreateRootContext_should_throw_exception_if_context_name_is_null_or_empty(&quot;&quot;)" fullname="Kontur.Tracing.Core.UnitTests.Trace_UnitTests.CreateRootContext_should_throw_exception_if_context_name_is_null_or_empty(&quot;&quot;)" methodname="CreateRootContext_should_throw_exception_if_context_name_is_null_or_empty" classname="Kontur.Tracing.Core.UnitTests.Trace_UnitTests" runstate="Runnable" seed="2134314168" result="Passed" start-time="2016-03-15 11:14:46Z" end-time="2016-03-15 11:14:46Z" duration="0.000320" asserts="1">
                  <properties />
                </test-case>
              </test-suite>
              <test-case id="1033" name="CurrentContext_should_be_NoOp" fullname="Kontur.Tracing.Core.UnitTests.Trace_UnitTests.CurrentContext_should_be_NoOp" methodname="CurrentContext_should_be_NoOp" classname="Kontur.Tracing.Core.UnitTests.Trace_UnitTests" runstate="Runnable" seed="1567116626" result="Passed" start-time="2016-03-15 11:14:46Z" end-time="2016-03-15 11:14:46Z" duration="0.000379" asserts="0">
                <properties />
              </test-case>
              <test-case id="1059" name="FinishContext_should_pop_context" fullname="Kontur.Tracing.Core.UnitTests.Trace_UnitTests.FinishContext_should_pop_context" methodname="FinishContext_should_pop_context" classname="Kontur.Tracing.Core.UnitTests.Trace_UnitTests" runstate="Runnable" seed="1104968844" result="Passed" start-time="2016-03-15 11:14:46Z" end-time="2016-03-15 11:14:46Z" duration="0.000416" asserts="0">
                <properties />
              </test-case>
              <test-suite type="ParameterizedMethod" id="1063" name="Initialize_should_throw_exception_if_already_initialized" fullname="Kontur.Tracing.Core.UnitTests.Trace_UnitTests.Initialize_should_throw_exception_if_already_initialized" runstate="Runnable" testcasecount="2" result="Passed" start-time="2016-03-15 11:14:46Z" end-time="2016-03-15 11:14:46Z" duration="0.001786" total="2" passed="2" failed="0" inconclusive="0" skipped="0" asserts="2">
                <properties />
                <test-case id="1061" name="Initialize_should_throw_exception_if_already_initialized(True)" fullname="Kontur.Tracing.Core.UnitTests.Trace_UnitTests.Initialize_should_throw_exception_if_already_initialized(True)" methodname="Initialize_should_throw_exception_if_already_initialized" classname="Kontur.Tracing.Core.UnitTests.Trace_UnitTests" runstate="Runnable" seed="965381202" result="Passed" start-time="2016-03-15 11:14:46Z" end-time="2016-03-15 11:14:46Z" duration="0.000799" asserts="1">
                  <properties />
                </test-case>
                <test-case id="1062" name="Initialize_should_throw_exception_if_already_initialized(False)" fullname="Kontur.Tracing.Core.UnitTests.Trace_UnitTests.Initialize_should_throw_exception_if_already_initialized(False)" methodname="Initialize_should_throw_exception_if_already_initialized" classname="Kontur.Tracing.Core.UnitTests.Trace_UnitTests" runstate="Runnable" seed="807711404" result="Passed" start-time="2016-03-15 11:14:46Z" end-time="2016-03-15 11:14:46Z" duration="0.000261" asserts="1">
                  <properties />
                </test-case>
              </test-suite>
              <test-case id="1065" name="TraceContext_Current_should_be_preserved_after_stop" fullname="Kontur.Tracing.Core.UnitTests.Trace_UnitTests.TraceContext_Current_should_be_preserved_after_stop" methodname="TraceContext_Current_should_be_preserved_after_stop" classname="Kontur.Tracing.Core.UnitTests.Trace_UnitTests" runstate="Runnable" seed="1436447549" result="Passed" start-time="2016-03-15 11:14:46Z" end-time="2016-03-15 11:14:46Z" duration="0.000459" asserts="0">
                <properties />
              </test-case>
            </test-suite>
            <test-suite type="TestFixture" id="1027" name="TraceInfoStorage_Tests" fullname="Kontur.Tracing.Core.UnitTests.TraceInfoStorage_Tests" classname="Kontur.Tracing.Core.UnitTests.TraceInfoStorage_Tests" runstate="Runnable" testcasecount="4" result="Passed" start-time="2016-03-15 11:14:46Z" end-time="2016-03-15 11:14:46Z" duration="0.012583" total="4" passed="4" failed="0" inconclusive="0" skipped="0" asserts="0">
              <properties />
              <test-case id="1029" name="GetAll_should_return_all_buffered_infos" fullname="Kontur.Tracing.Core.UnitTests.TraceInfoStorage_Tests.GetAll_should_return_all_buffered_infos" methodname="GetAll_should_return_all_buffered_infos" classname="Kontur.Tracing.Core.UnitTests.TraceInfoStorage_Tests" runstate="Runnable" seed="1072944492" result="Passed" start-time="2016-03-15 11:14:46Z" end-time="2016-03-15 11:14:46Z" duration="0.003420" asserts="0">
                <properties />
              </test-case>
              <test-case id="1030" name="RemoveAll_should_remove_given_infos" fullname="Kontur.Tracing.Core.UnitTests.TraceInfoStorage_Tests.RemoveAll_should_remove_given_infos" methodname="RemoveAll_should_remove_given_infos" classname="Kontur.Tracing.Core.UnitTests.TraceInfoStorage_Tests" runstate="Runnable" seed="1958916467" result="Passed" start-time="2016-03-15 11:14:46Z" end-time="2016-03-15 11:14:46Z" duration="0.004198" asserts="0">
                <properties />
              </test-case>
              <test-case id="1028" name="TryAdd_should_not_allow_to_exceed_buffering_limit" fullname="Kontur.Tracing.Core.UnitTests.TraceInfoStorage_Tests.TryAdd_should_not_allow_to_exceed_buffering_limit" methodname="TryAdd_should_not_allow_to_exceed_buffering_limit" classname="Kontur.Tracing.Core.UnitTests.TraceInfoStorage_Tests" runstate="Runnable" seed="657009205" result="Passed" start-time="2016-03-15 11:14:46Z" end-time="2016-03-15 11:14:46Z" duration="0.002123" asserts="0">
                <properties />
              </test-case>
              <test-case id="1031" name="TryAdd_with_same_contextId_should_not_delete_previous" fullname="Kontur.Tracing.Core.UnitTests.TraceInfoStorage_Tests.TryAdd_with_same_contextId_should_not_delete_previous" methodname="TryAdd_with_same_contextId_should_not_delete_previous" classname="Kontur.Tracing.Core.UnitTests.TraceInfoStorage_Tests" runstate="Runnable" seed="1548583897" result="Passed" start-time="2016-03-15 11:14:46Z" end-time="2016-03-15 11:14:46Z" duration="0.000956" asserts="0">
                <properties />
              </test-case>
            </test-suite>
          </test-suite>
        </test-suite>
        <test-suite type="TestFixture" id="1003" name="TimeProvider_Tests" fullname="Kontur.Tracing.TimeProvider_Tests" classname="Kontur.Tracing.TimeProvider_Tests" runstate="Runnable" testcasecount="2" result="Passed" start-time="2016-03-15 11:14:46Z" end-time="2016-03-15 11:14:47Z" duration="0.750919" total="2" passed="2" failed="0" inconclusive="0" skipped="0" asserts="0">
          <properties />
          <test-case id="1005" name="Should_provide_monotonic_increase_of_returned_time" fullname="Kontur.Tracing.TimeProvider_Tests.Should_provide_monotonic_increase_of_returned_time" methodname="Should_provide_monotonic_increase_of_returned_time" classname="Kontur.Tracing.TimeProvider_Tests" runstate="Runnable" seed="458445963" result="Passed" start-time="2016-03-15 11:14:46Z" end-time="2016-03-15 11:14:47Z" duration="0.629522" asserts="0">
            <properties />
          </test-case>
          <test-case id="1004" name="Should_provide_ticks_level_resolution" fullname="Kontur.Tracing.TimeProvider_Tests.Should_provide_ticks_level_resolution" methodname="Should_provide_ticks_level_resolution" classname="Kontur.Tracing.TimeProvider_Tests" runstate="Runnable" seed="17143493" result="Passed" start-time="2016-03-15 11:14:47Z" end-time="2016-03-15 11:14:47Z" duration="0.119877" asserts="0">
            <properties />
          </test-case>
        </test-suite>
        <test-suite type="TestFixture" id="1006" name="TraceContextInfo_Tests" fullname="Kontur.Tracing.TraceContextInfo_Tests" classname="Kontur.Tracing.TraceContextInfo_Tests" runstate="Runnable" testcasecount="2" result="Passed" start-time="2016-03-15 11:14:47Z" end-time="2016-03-15 11:14:47Z" duration="0.003282" total="2" passed="2" failed="0" inconclusive="0" skipped="0" asserts="0">
          <properties />
          <test-case id="1007" name="SetAnnotation_should_overwrite_existing_value" fullname="Kontur.Tracing.TraceContextInfo_Tests.SetAnnotation_should_overwrite_existing_value" methodname="SetAnnotation_should_overwrite_existing_value" classname="Kontur.Tracing.TraceContextInfo_Tests" runstate="Runnable" seed="1460656856" result="Passed" start-time="2016-03-15 11:14:47Z" end-time="2016-03-15 11:14:47Z" duration="0.001096" asserts="0">
            <properties />
          </test-case>
          <test-case id="1008" name="SetTimepoint_should_overwrite_existing_value" fullname="Kontur.Tracing.TraceContextInfo_Tests.SetTimepoint_should_overwrite_existing_value" methodname="SetTimepoint_should_overwrite_existing_value" classname="Kontur.Tracing.TraceContextInfo_Tests" runstate="Runnable" seed="213326761" result="Passed" start-time="2016-03-15 11:14:47Z" end-time="2016-03-15 11:14:47Z" duration="0.001316" asserts="0">
            <properties />
          </test-case>
        </test-suite>
        <test-suite type="TestFixture" id="1009" name="TraceDataExtractor_Tests" fullname="Kontur.Tracing.TraceDataExtractor_Tests" classname="Kontur.Tracing.TraceDataExtractor_Tests" runstate="Runnable" testcasecount="7" result="Passed" start-time="2016-03-15 11:14:47Z" end-time="2016-03-15 11:14:47Z" duration="0.049099" total="7" passed="7" failed="0" inconclusive="0" skipped="0" asserts="18">
          <properties />
          <test-case id="1010" name="Should_extract_nulls_from_empty_headers" fullname="Kontur.Tracing.TraceDataExtractor_Tests.Should_extract_nulls_from_empty_headers" methodname="Should_extract_nulls_from_empty_headers" classname="Kontur.Tracing.TraceDataExtractor_Tests" runstate="Runnable" seed="1347475421" result="Passed" start-time="2016-03-15 11:14:47Z" end-time="2016-03-15 11:14:47Z" duration="0.043636" asserts="5">
            <properties />
          </test-case>
          <test-case id="1011" name="Should_extract_nulls_when_trace_id_is_not_defined" fullname="Kontur.Tracing.TraceDataExtractor_Tests.Should_extract_nulls_when_trace_id_is_not_defined" methodname="Should_extract_nulls_when_trace_id_is_not_defined" classname="Kontur.Tracing.TraceDataExtractor_Tests" runstate="Runnable" seed="501550080" result="Passed" start-time="2016-03-15 11:14:47Z" end-time="2016-03-15 11:14:47Z" duration="0.000862" asserts="5">
            <properties />
          </test-case>
          <test-case id="1012" name="Should_extract_trace_id_when_other_headers_are_not_present" fullname="Kontur.Tracing.TraceDataExtractor_Tests.Should_extract_trace_id_when_other_headers_are_not_present" methodname="Should_extract_trace_id_when_other_headers_are_not_present" classname="Kontur.Tracing.TraceDataExtractor_Tests" runstate="Runnable" seed="294301268" result="Passed" start-time="2016-03-15 11:14:47Z" end-time="2016-03-15 11:14:47Z" duration="0.000782" asserts="4">
            <properties />
          </test-case>
          <test-case id="1014" name="Should_extract_trace_parent_span_id" fullname="Kontur.Tracing.TraceDataExtractor_Tests.Should_extract_trace_parent_span_id" methodname="Should_extract_trace_parent_span_id" classname="Kontur.Tracing.TraceDataExtractor_Tests" runstate="Runnable" seed="703520303" result="Passed" start-time="2016-03-15 11:14:47Z" end-time="2016-03-15 11:14:47Z" duration="0.000290" asserts="1">
            <properties />
          </test-case>
          <test-case id="1015" name="Should_extract_trace_profile_id" fullname="Kontur.Tracing.TraceDataExtractor_Tests.Should_extract_trace_profile_id" methodname="Should_extract_trace_profile_id" classname="Kontur.Tracing.TraceDataExtractor_Tests" runstate="Runnable" seed="1888940438" result="Passed" start-time="2016-03-15 11:14:47Z" end-time="2016-03-15 11:14:47Z" duration="0.000259" asserts="1">
            <properties />
          </test-case>
          <test-case id="1013" name="Should_extract_trace_span_id" fullname="Kontur.Tracing.TraceDataExtractor_Tests.Should_extract_trace_span_id" methodname="Should_extract_trace_span_id" classname="Kontur.Tracing.TraceDataExtractor_Tests" runstate="Runnable" seed="1096460943" result="Passed" start-time="2016-03-15 11:14:47Z" end-time="2016-03-15 11:14:47Z" duration="0.000255" asserts="1">
            <properties />
          </test-case>
          <test-case id="1016" name="Should_extract_true_for_sampling_flag_when_corresponding_header_exists" fullname="Kontur.Tracing.TraceDataExtractor_Tests.Should_extract_true_for_sampling_flag_when_corresponding_header_exists" methodname="Should_extract_true_for_sampling_flag_when_corresponding_header_exists" classname="Kontur.Tracing.TraceDataExtractor_Tests" runstate="Runnable" seed="292299438" result="Passed" start-time="2016-03-15 11:14:47Z" end-time="2016-03-15 11:14:47Z" duration="0.000346" asserts="1">
            <properties />
          </test-case>
        </test-suite>
        <test-suite type="TestFixture" id="1017" name="TraceInfoSerializer_Tests" fullname="Kontur.Tracing.TraceInfoSerializer_Tests" classname="Kontur.Tracing.TraceInfoSerializer_Tests" runstate="Runnable" testcasecount="6" result="Passed" start-time="2016-03-15 11:14:47Z" end-time="2016-03-15 11:14:47Z" duration="0.160144" total="6" passed="6" failed="0" inconclusive="0" skipped="0" asserts="38">
          <properties />
          <test-case id="1020" name="Should_correctly_serialize_a_span_with_annotations_and_timeline" fullname="Kontur.Tracing.TraceInfoSerializer_Tests.Should_correctly_serialize_a_span_with_annotations_and_timeline" methodname="Should_correctly_serialize_a_span_with_annotations_and_timeline" classname="Kontur.Tracing.TraceInfoSerializer_Tests" runstate="Runnable" seed="304199382" result="Passed" start-time="2016-03-15 11:14:47Z" end-time="2016-03-15 11:14:47Z" duration="0.142938" asserts="7">
            <properties />
            <output><![CDATA[{"traceId":"traceId","spanId":"contextId","parentSpanId":"parentContextId","annotations":{"k1":"v1","k2":"v2","targetId":"contextName","root":"true"},"timeline":{"k1":"2016-03-15T11:14:47.6850070Z","k2":"2016-03-15T11:14:48.6850670Z"}}
{"TraceId":"traceId","SpanId":"contextId","ParentSpanId":"parentContextId","Timeline":{"k1":"2016-03-15T11:14:47.685007Z","k2":"2016-03-15T11:14:48.685067Z"},"Annotations":{"k1":"v1","k2":"v2","targetId":"contextName","root":"true"}}
]]></output>
          </test-case>
          <test-case id="1019" name="Should_correctly_serialize_a_span_with_optional_identifiers" fullname="Kontur.Tracing.TraceInfoSerializer_Tests.Should_correctly_serialize_a_span_with_optional_identifiers" methodname="Should_correctly_serialize_a_span_with_optional_identifiers" classname="Kontur.Tracing.TraceInfoSerializer_Tests" runstate="Runnable" seed="1583111997" result="Passed" start-time="2016-03-15 11:14:47Z" end-time="2016-03-15 11:14:47Z" duration="0.003655" asserts="7">
            <properties />
            <output><![CDATA[{"traceId":"traceId","spanId":"contextId","parentSpanId":"parentContextId","annotations":{"targetId":"contextName","root":"true"},"timeline":{}}
{"TraceId":"traceId","SpanId":"contextId","ParentSpanId":"parentContextId","Timeline":{},"Annotations":{"targetId":"contextName","root":"true"}}
]]></output>
          </test-case>
          <test-case id="1018" name="Should_correctly_serialize_a_span_without_optional_identifiers" fullname="Kontur.Tracing.TraceInfoSerializer_Tests.Should_correctly_serialize_a_span_without_optional_identifiers" methodname="Should_correctly_serialize_a_span_without_optional_identifiers" classname="Kontur.Tracing.TraceInfoSerializer_Tests" runstate="Runnable" seed="1196887609" result="Passed" start-time="2016-03-15 11:14:47Z" end-time="2016-03-15 11:14:47Z" duration="0.003416" asserts="7">
            <properties />
            <output><![CDATA[{"traceId":"traceId","spanId":"contextId","annotations":{},"timeline":{}}
{"TraceId":"traceId","SpanId":"contextId","ParentSpanId":null,"Timeline":{},"Annotations":{}}
]]></output>
          </test-case>
          <test-case id="1021" name="Should_correctly_serialize_multiple_spans" fullname="Kontur.Tracing.TraceInfoSerializer_Tests.Should_correctly_serialize_multiple_spans" methodname="Should_correctly_serialize_multiple_spans" classname="Kontur.Tracing.TraceInfoSerializer_Tests" runstate="Runnable" seed="1899952087" result="Passed" start-time="2016-03-15 11:14:47Z" end-time="2016-03-15 11:14:47Z" duration="0.003998" asserts="15">
            <properties />
          </test-case>
          <test-case id="1023" name="Should_not_use_contextName_if_annotations_contains_targetId" fullname="Kontur.Tracing.TraceInfoSerializer_Tests.Should_not_use_contextName_if_annotations_contains_targetId" methodname="Should_not_use_contextName_if_annotations_contains_targetId" classname="Kontur.Tracing.TraceInfoSerializer_Tests" runstate="Runnable" seed="1586204435" result="Passed" start-time="2016-03-15 11:14:47Z" end-time="2016-03-15 11:14:47Z" duration="0.003249" asserts="1">
            <properties />
            <output><![CDATA[{"traceId":"traceId","spanId":"contextId","parentSpanId":"parentContextId","annotations":{"targetId":"otherContextName","root":"true"},"timeline":{}}
{"TraceId":"traceId","SpanId":"contextId","ParentSpanId":"parentContextId","Timeline":{},"Annotations":{"targetId":"otherContextName","root":"true"}}
]]></output>
          </test-case>
          <test-case id="1022" name="Should_produce_same_results_when_being_reused" fullname="Kontur.Tracing.TraceInfoSerializer_Tests.Should_produce_same_results_when_being_reused" methodname="Should_produce_same_results_when_being_reused" classname="Kontur.Tracing.TraceInfoSerializer_Tests" runstate="Runnable" seed="1262715352" result="Passed" start-time="2016-03-15 11:14:47Z" end-time="2016-03-15 11:14:47Z" duration="0.000315" asserts="1">
            <properties />
          </test-case>
        </test-suite>
        <test-suite type="TestFixture" id="1024" name="TraceSampler_Tests" fullname="Kontur.Tracing.TraceSampler_Tests" classname="Kontur.Tracing.TraceSampler_Tests" runstate="Runnable" testcasecount="2" result="Passed" start-time="2016-03-15 11:14:47Z" end-time="2016-03-15 11:14:48Z" duration="0.369345" total="2" passed="2" failed="0" inconclusive="0" skipped="0" asserts="0">
          <properties />
          <test-case id="1026" name="Should_enforce_max_samples_per_second_restriction" fullname="Kontur.Tracing.TraceSampler_Tests.Should_enforce_max_samples_per_second_restriction" methodname="Should_enforce_max_samples_per_second_restriction" classname="Kontur.Tracing.TraceSampler_Tests" runstate="Runnable" seed="392352118" result="Passed" start-time="2016-03-15 11:14:47Z" end-time="2016-03-15 11:14:47Z" duration="0.135335" asserts="0">
            <properties />
          </test-case>
          <test-case id="1025" name="Should_enforce_sampling_chance_restriction" fullname="Kontur.Tracing.TraceSampler_Tests.Should_enforce_sampling_chance_restriction" methodname="Should_enforce_sampling_chance_restriction" classname="Kontur.Tracing.TraceSampler_Tests" runstate="Runnable" seed="1448988997" result="Passed" start-time="2016-03-15 11:14:47Z" end-time="2016-03-15 11:14:48Z" duration="0.233050" asserts="0">
            <properties />
          </test-case>
        </test-suite>
      </test-suite>
    </test-suite>
  </test-suite>
</test-run>